<?xml version="1.0" encoding="UTF-8"?>
<coverage generated="1595660598874" clover="3.2.0">
  <project timestamp="1595660598874" name="All files">
    <metrics statements="105" coveredstatements="95" conditionals="27" coveredconditionals="19" methods="19" coveredmethods="17" elements="151" coveredelements="131" complexity="0" loc="105" ncloc="105" packages="4" files="7" classes="7"/>
    <package name="e-commerce-cms-server">
      <metrics statements="61" coveredstatements="57" conditionals="16" coveredconditionals="12" methods="7" coveredmethods="7"/>
      <file name="app.js" path="/home/ichlasul/Documents/Hactiv8/Phase2/e-commerce-cms/e-commerce-cms-server/app.js">
        <metrics statements="61" coveredstatements="57" conditionals="16" coveredconditionals="12" methods="7" coveredmethods="7"/>
        <line num="1" count="2" type="stmt"/>
        <line num="2" count="2" type="stmt"/>
        <line num="3" count="2" type="stmt"/>
        <line num="6" count="2" type="stmt"/>
        <line num="7" count="2" type="stmt"/>
        <line num="9" count="2" type="stmt"/>
        <line num="11" count="2" type="stmt"/>
        <line num="12" count="2" type="stmt"/>
        <line num="13" count="2" type="stmt"/>
        <line num="15" count="2" type="stmt"/>
        <line num="16" count="1" type="stmt"/>
        <line num="17" count="1" type="stmt"/>
        <line num="18" count="1" type="stmt"/>
        <line num="20" count="0" type="stmt"/>
        <line num="24" count="2" type="stmt"/>
        <line num="25" count="3" type="stmt"/>
        <line num="27" count="3" type="stmt"/>
        <line num="28" count="3" type="stmt"/>
        <line num="30" count="1" type="stmt"/>
        <line num="32" count="2" type="stmt"/>
        <line num="35" count="2" type="stmt"/>
        <line num="36" count="2" type="stmt"/>
        <line num="37" count="2" type="stmt"/>
        <line num="38" count="2" type="cond" truecount="2" falsecount="0"/>
        <line num="39" count="1" type="stmt"/>
        <line num="41" count="1" type="stmt"/>
        <line num="46" count="1" type="stmt"/>
        <line num="52" count="1" type="stmt"/>
        <line num="55" count="2" type="stmt"/>
        <line num="56" count="3" type="stmt"/>
        <line num="57" count="3" type="stmt"/>
        <line num="58" count="3" type="cond" truecount="1" falsecount="1"/>
        <line num="59" count="0" type="stmt"/>
        <line num="61" count="3" type="stmt"/>
        <line num="66" count="1" type="stmt"/>
        <line num="72" count="2" type="stmt"/>
        <line num="76" count="2" type="stmt"/>
        <line num="77" count="2" type="stmt"/>
        <line num="78" count="2" type="stmt"/>
        <line num="80" count="2" type="stmt"/>
        <line num="81" count="2" type="stmt"/>
        <line num="86" count="2" type="cond" truecount="1" falsecount="1"/>
        <line num="87" count="2" type="cond" truecount="1" falsecount="1"/>
        <line num="88" count="0" type="stmt"/>
        <line num="89" count="2" type="cond" truecount="2" falsecount="0"/>
        <line num="90" count="1" type="stmt"/>
        <line num="92" count="1" type="stmt"/>
        <line num="95" count="1" type="stmt"/>
        <line num="96" count="1" type="stmt"/>
        <line num="97" count="1" type="stmt"/>
        <line num="102" count="1" type="stmt"/>
        <line num="106" count="2" type="stmt"/>
        <line num="109" count="6" type="cond" truecount="2" falsecount="0"/>
        <line num="110" count="12" type="stmt"/>
        <line num="113" count="4" type="stmt"/>
        <line num="116" count="2" type="cond" truecount="2" falsecount="0"/>
        <line num="117" count="1" type="stmt"/>
        <line num="120" count="1" type="cond" truecount="1" falsecount="1"/>
        <line num="121" count="1" type="stmt"/>
        <line num="125" count="0" type="stmt"/>
        <line num="132" count="2" type="stmt"/>
      </file>
    </package>
    <package name="e-commerce-cms-server.helpers">
      <metrics statements="12" coveredstatements="7" conditionals="0" coveredconditionals="0" methods="4" coveredmethods="2"/>
      <file name="bcrypt.js" path="/home/ichlasul/Documents/Hactiv8/Phase2/e-commerce-cms/e-commerce-cms-server/helpers/bcrypt.js">
        <metrics statements="6" coveredstatements="3" conditionals="0" coveredconditionals="0" methods="2" coveredmethods="1"/>
        <line num="1" count="2" type="stmt"/>
        <line num="4" count="0" type="stmt"/>
        <line num="5" count="0" type="stmt"/>
        <line num="6" count="0" type="stmt"/>
        <line num="12" count="2" type="stmt"/>
        <line num="18" count="2" type="stmt"/>
      </file>
      <file name="jwt.js" path="/home/ichlasul/Documents/Hactiv8/Phase2/e-commerce-cms/e-commerce-cms-server/helpers/jwt.js">
        <metrics statements="6" coveredstatements="4" conditionals="0" coveredconditionals="0" methods="2" coveredmethods="1"/>
        <line num="1" count="2" type="stmt"/>
        <line num="4" count="1" type="stmt"/>
        <line num="5" count="1" type="stmt"/>
        <line num="9" count="0" type="stmt"/>
        <line num="10" count="0" type="stmt"/>
        <line num="13" count="2" type="stmt"/>
      </file>
    </package>
    <package name="e-commerce-cms-server.models">
      <metrics statements="28" coveredstatements="27" conditionals="9" coveredconditionals="6" methods="7" coveredmethods="7"/>
      <file name="index.js" path="/home/ichlasul/Documents/Hactiv8/Phase2/e-commerce-cms/e-commerce-cms-server/models/index.js">
        <metrics statements="20" coveredstatements="19" conditionals="9" coveredconditionals="6" methods="3" coveredmethods="3"/>
        <line num="3" count="2" type="stmt"/>
        <line num="4" count="2" type="stmt"/>
        <line num="5" count="2" type="stmt"/>
        <line num="6" count="2" type="stmt"/>
        <line num="7" count="2" type="cond" truecount="1" falsecount="1"/>
        <line num="8" count="2" type="stmt"/>
        <line num="9" count="2" type="stmt"/>
        <line num="12" count="2" type="cond" truecount="1" falsecount="1"/>
        <line num="13" count="0" type="stmt"/>
        <line num="15" count="2" type="stmt"/>
        <line num="18" count="2" type="stmt"/>
        <line num="21" count="6" type="cond" truecount="3" falsecount="0"/>
        <line num="24" count="4" type="stmt"/>
        <line num="25" count="4" type="stmt"/>
        <line num="28" count="2" type="stmt"/>
        <line num="29" count="4" type="cond" truecount="1" falsecount="1"/>
        <line num="30" count="4" type="stmt"/>
        <line num="34" count="2" type="stmt"/>
        <line num="35" count="2" type="stmt"/>
        <line num="37" count="2" type="stmt"/>
      </file>
      <file name="product.js" path="/home/ichlasul/Documents/Hactiv8/Phase2/e-commerce-cms/e-commerce-cms-server/models/product.js">
        <metrics statements="4" coveredstatements="4" conditionals="0" coveredconditionals="0" methods="2" coveredmethods="2"/>
        <line num="4" count="2" type="stmt"/>
        <line num="5" count="2" type="stmt"/>
        <line num="16" count="2" type="stmt"/>
        <line num="63" count="2" type="stmt"/>
      </file>
      <file name="user.js" path="/home/ichlasul/Documents/Hactiv8/Phase2/e-commerce-cms/e-commerce-cms-server/models/user.js">
        <metrics statements="4" coveredstatements="4" conditionals="0" coveredconditionals="0" methods="2" coveredmethods="2"/>
        <line num="4" count="2" type="stmt"/>
        <line num="5" count="2" type="stmt"/>
        <line num="16" count="2" type="stmt"/>
        <line num="29" count="2" type="stmt"/>
      </file>
    </package>
    <package name="e-commerce-cms-server.tests.helpers">
      <metrics statements="4" coveredstatements="4" conditionals="2" coveredconditionals="1" methods="1" coveredmethods="1"/>
      <file name="product-helpers.js" path="/home/ichlasul/Documents/Hactiv8/Phase2/e-commerce-cms/e-commerce-cms-server/tests/helpers/product-helpers.js">
        <metrics statements="4" coveredstatements="4" conditionals="2" coveredconditionals="1" methods="1" coveredmethods="1"/>
        <line num="1" count="1" type="stmt"/>
        <line num="5" count="1" type="cond" truecount="1" falsecount="1"/>
        <line num="6" count="1" type="stmt"/>
        <line num="10" count="1" type="stmt"/>
      </file>
    </package>
  </project>
</coverage>
