{"/home/ichlasul/Documents/Hactiv8/Phase2/e-commerce-cms/e-commerce-cms-server/app.js": {"path":"/home/ichlasul/Documents/Hactiv8/Phase2/e-commerce-cms/e-commerce-cms-server/app.js","statementMap":{"0":{"start":{"line":1,"column":16},"end":{"line":1,"column":34}},"1":{"start":{"line":2,"column":12},"end":{"line":2,"column":21}},"2":{"start":{"line":3,"column":11},"end":{"line":3,"column":26}},"3":{"start":{"line":4,"column":15},"end":{"line":4,"column":40}},"4":{"start":{"line":5,"column":21},"end":{"line":5,"column":57}},"5":{"start":{"line":6,"column":0},"end":{"line":6,"column":47}},"6":{"start":{"line":7,"column":0},"end":{"line":7,"column":23}},"7":{"start":{"line":8,"column":0},"end":{"line":8,"column":15}},"8":{"start":{"line":9,"column":0},"end":{"line":9,"column":20}},"9":{"start":{"line":10,"column":0},"end":{"line":10,"column":21}},"10":{"start":{"line":11,"column":0},"end":{"line":11,"column":20}}},"fnMap":{},"branchMap":{},"s":{"0":2,"1":2,"2":2,"3":2,"4":2,"5":2,"6":2,"7":2,"8":2,"9":2,"10":2},"f":{},"b":{},"_coverageSchema":"1a1c01bbd47fc00a2c39e90264f33305004495a9","hash":"a45559da4db62341b2fd382c9f4900f3fecbe968"}
,"/home/ichlasul/Documents/Hactiv8/Phase2/e-commerce-cms/e-commerce-cms-server/controllers/controllerProduct.js": {"path":"/home/ichlasul/Documents/Hactiv8/Phase2/e-commerce-cms/e-commerce-cms-server/controllers/controllerProduct.js","statementMap":{"0":{"start":{"line":1,"column":20},"end":{"line":1,"column":46}},"1":{"start":{"line":6,"column":4},"end":{"line":11,"column":5}},"2":{"start":{"line":7,"column":22},"end":{"line":7,"column":45}},"3":{"start":{"line":8,"column":6},"end":{"line":8,"column":23}},"4":{"start":{"line":10,"column":6},"end":{"line":10,"column":15}},"5":{"start":{"line":15,"column":46},"end":{"line":15,"column":54}},"6":{"start":{"line":17,"column":4},"end":{"line":23,"column":5}},"7":{"start":{"line":18,"column":25},"end":{"line":18,"column":80}},"8":{"start":{"line":20,"column":6},"end":{"line":20,"column":38}},"9":{"start":{"line":22,"column":6},"end":{"line":22,"column":15}},"10":{"start":{"line":27,"column":4},"end":{"line":44,"column":5}},"11":{"start":{"line":28,"column":22},"end":{"line":28,"column":59}},"12":{"start":{"line":29,"column":6},"end":{"line":40,"column":7}},"13":{"start":{"line":30,"column":8},"end":{"line":30,"column":35}},"14":{"start":{"line":32,"column":8},"end":{"line":36,"column":10}},"15":{"start":{"line":37,"column":8},"end":{"line":39,"column":10}},"16":{"start":{"line":43,"column":6},"end":{"line":43,"column":15}},"17":{"start":{"line":48,"column":4},"end":{"line":64,"column":5}},"18":{"start":{"line":49,"column":22},"end":{"line":49,"column":59}},"19":{"start":{"line":50,"column":6},"end":{"line":61,"column":7}},"20":{"start":{"line":51,"column":8},"end":{"line":51,"column":35}},"21":{"start":{"line":53,"column":30},"end":{"line":57,"column":10}},"22":{"start":{"line":58,"column":8},"end":{"line":60,"column":10}},"23":{"start":{"line":63,"column":6},"end":{"line":63,"column":15}},"24":{"start":{"line":69,"column":0},"end":{"line":69,"column":34}}},"fnMap":{"0":{"name":"(anonymous_0)","decl":{"start":{"line":5,"column":2},"end":{"line":5,"column":3}},"loc":{"start":{"line":5,"column":43},"end":{"line":12,"column":3}},"line":5},"1":{"name":"(anonymous_1)","decl":{"start":{"line":14,"column":2},"end":{"line":14,"column":3}},"loc":{"start":{"line":14,"column":44},"end":{"line":24,"column":3}},"line":14},"2":{"name":"(anonymous_2)","decl":{"start":{"line":26,"column":2},"end":{"line":26,"column":3}},"loc":{"start":{"line":26,"column":46},"end":{"line":45,"column":3}},"line":26},"3":{"name":"(anonymous_3)","decl":{"start":{"line":47,"column":2},"end":{"line":47,"column":3}},"loc":{"start":{"line":47,"column":45},"end":{"line":65,"column":3}},"line":47}},"branchMap":{"0":{"loc":{"start":{"line":29,"column":6},"end":{"line":40,"column":7}},"type":"if","locations":[{"start":{"line":29,"column":6},"end":{"line":40,"column":7}},{"start":{"line":29,"column":6},"end":{"line":40,"column":7}}],"line":29},"1":{"loc":{"start":{"line":50,"column":6},"end":{"line":61,"column":7}},"type":"if","locations":[{"start":{"line":50,"column":6},"end":{"line":61,"column":7}},{"start":{"line":50,"column":6},"end":{"line":61,"column":7}}],"line":50}},"s":{"0":2,"1":1,"2":1,"3":1,"4":0,"5":3,"6":3,"7":3,"8":1,"9":2,"10":2,"11":2,"12":2,"13":1,"14":1,"15":1,"16":1,"17":3,"18":3,"19":3,"20":0,"21":3,"22":1,"23":2,"24":2},"f":{"0":1,"1":3,"2":2,"3":3},"b":{"0":[1,1],"1":[0,3]},"_coverageSchema":"1a1c01bbd47fc00a2c39e90264f33305004495a9","hash":"a71e410b4f104073921649c1a565dc13a8caa780"}
,"/home/ichlasul/Documents/Hactiv8/Phase2/e-commerce-cms/e-commerce-cms-server/controllers/controllerUser.js": {"path":"/home/ichlasul/Documents/Hactiv8/Phase2/e-commerce-cms/e-commerce-cms-server/controllers/controllerUser.js","statementMap":{"0":{"start":{"line":1,"column":17},"end":{"line":1,"column":43}},"1":{"start":{"line":2,"column":28},"end":{"line":2,"column":56}},"2":{"start":{"line":3,"column":22},"end":{"line":3,"column":47}},"3":{"start":{"line":7,"column":26},"end":{"line":7,"column":43}},"4":{"start":{"line":8,"column":4},"end":{"line":30,"column":5}},"5":{"start":{"line":9,"column":19},"end":{"line":13,"column":8}},"6":{"start":{"line":14,"column":31},"end":{"line":14,"column":56}},"7":{"start":{"line":15,"column":6},"end":{"line":27,"column":7}},"8":{"start":{"line":16,"column":8},"end":{"line":16,"column":52}},"9":{"start":{"line":17,"column":13},"end":{"line":27,"column":7}},"10":{"start":{"line":18,"column":8},"end":{"line":18,"column":52}},"11":{"start":{"line":20,"column":24},"end":{"line":22,"column":9}},"12":{"start":{"line":23,"column":22},"end":{"line":23,"column":40}},"13":{"start":{"line":24,"column":8},"end":{"line":26,"column":10}},"14":{"start":{"line":29,"column":6},"end":{"line":29,"column":15}},"15":{"start":{"line":34,"column":0},"end":{"line":34,"column":31}}},"fnMap":{"0":{"name":"(anonymous_0)","decl":{"start":{"line":6,"column":2},"end":{"line":6,"column":3}},"loc":{"start":{"line":6,"column":46},"end":{"line":31,"column":3}},"line":6}},"branchMap":{"0":{"loc":{"start":{"line":14,"column":31},"end":{"line":14,"column":56}},"type":"cond-expr","locations":[{"start":{"line":14,"column":38},"end":{"line":14,"column":51}},{"start":{"line":14,"column":54},"end":{"line":14,"column":56}}],"line":14},"1":{"loc":{"start":{"line":15,"column":6},"end":{"line":27,"column":7}},"type":"if","locations":[{"start":{"line":15,"column":6},"end":{"line":27,"column":7}},{"start":{"line":15,"column":6},"end":{"line":27,"column":7}}],"line":15},"2":{"loc":{"start":{"line":17,"column":13},"end":{"line":27,"column":7}},"type":"if","locations":[{"start":{"line":17,"column":13},"end":{"line":27,"column":7}},{"start":{"line":17,"column":13},"end":{"line":27,"column":7}}],"line":17}},"s":{"0":2,"1":2,"2":2,"3":2,"4":2,"5":2,"6":2,"7":2,"8":0,"9":2,"10":1,"11":1,"12":1,"13":1,"14":1,"15":2},"f":{"0":2},"b":{"0":[2,0],"1":[0,2],"2":[1,1]},"_coverageSchema":"1a1c01bbd47fc00a2c39e90264f33305004495a9","hash":"8cde3a6de91ee860a8a71789b1723afe86191821"}
,"/home/ichlasul/Documents/Hactiv8/Phase2/e-commerce-cms/e-commerce-cms-server/helpers/bcrypt.js": {"path":"/home/ichlasul/Documents/Hactiv8/Phase2/e-commerce-cms/e-commerce-cms-server/helpers/bcrypt.js","statementMap":{"0":{"start":{"line":1,"column":15},"end":{"line":1,"column":34}},"1":{"start":{"line":4,"column":17},"end":{"line":4,"column":38}},"2":{"start":{"line":5,"column":17},"end":{"line":5,"column":48}},"3":{"start":{"line":6,"column":4},"end":{"line":6,"column":15}},"4":{"start":{"line":12,"column":4},"end":{"line":12,"column":64}},"5":{"start":{"line":18,"column":0},"end":{"line":21,"column":1}}},"fnMap":{"0":{"name":"hashPassword","decl":{"start":{"line":3,"column":9},"end":{"line":3,"column":21}},"loc":{"start":{"line":3,"column":32},"end":{"line":7,"column":1}},"line":3},"1":{"name":"comparePassword","decl":{"start":{"line":11,"column":9},"end":{"line":11,"column":24}},"loc":{"start":{"line":11,"column":60},"end":{"line":13,"column":1}},"line":11}},"branchMap":{},"s":{"0":2,"1":0,"2":0,"3":0,"4":2,"5":2},"f":{"0":0,"1":2},"b":{},"_coverageSchema":"1a1c01bbd47fc00a2c39e90264f33305004495a9","hash":"eeefd72f1f5a9c0c60ab0b12df1d3dff9382bf4e"}
,"/home/ichlasul/Documents/Hactiv8/Phase2/e-commerce-cms/e-commerce-cms-server/helpers/jwt.js": {"path":"/home/ichlasul/Documents/Hactiv8/Phase2/e-commerce-cms/e-commerce-cms-server/helpers/jwt.js","statementMap":{"0":{"start":{"line":1,"column":12},"end":{"line":1,"column":35}},"1":{"start":{"line":4,"column":18},"end":{"line":4,"column":49}},"2":{"start":{"line":5,"column":4},"end":{"line":5,"column":16}},"3":{"start":{"line":9,"column":20},"end":{"line":9,"column":51}},"4":{"start":{"line":10,"column":4},"end":{"line":10,"column":18}},"5":{"start":{"line":13,"column":0},"end":{"line":16,"column":1}}},"fnMap":{"0":{"name":"signToken","decl":{"start":{"line":3,"column":9},"end":{"line":3,"column":18}},"loc":{"start":{"line":3,"column":28},"end":{"line":6,"column":1}},"line":3},"1":{"name":"verifyToken","decl":{"start":{"line":8,"column":9},"end":{"line":8,"column":20}},"loc":{"start":{"line":8,"column":28},"end":{"line":11,"column":1}},"line":8}},"branchMap":{},"s":{"0":2,"1":1,"2":1,"3":0,"4":0,"5":2},"f":{"0":1,"1":0},"b":{},"_coverageSchema":"1a1c01bbd47fc00a2c39e90264f33305004495a9","hash":"edbbc658e02bbf44f3b3cf5a22462cf3d6ccd3f8"}
,"/home/ichlasul/Documents/Hactiv8/Phase2/e-commerce-cms/e-commerce-cms-server/midlewares/errorHandler.js": {"path":"/home/ichlasul/Documents/Hactiv8/Phase2/e-commerce-cms/e-commerce-cms-server/midlewares/errorHandler.js","statementMap":{"0":{"start":{"line":1,"column":21},"end":{"line":39,"column":1}},"1":{"start":{"line":2,"column":2},"end":{"line":38,"column":3}},"2":{"start":{"line":4,"column":21},"end":{"line":6,"column":9}},"3":{"start":{"line":4,"column":46},"end":{"line":6,"column":7}},"4":{"start":{"line":7,"column":6},"end":{"line":9,"column":8}},"5":{"start":{"line":10,"column":6},"end":{"line":10,"column":12}},"6":{"start":{"line":12,"column":6},"end":{"line":14,"column":8}},"7":{"start":{"line":16,"column":6},"end":{"line":16,"column":12}},"8":{"start":{"line":18,"column":6},"end":{"line":20,"column":8}},"9":{"start":{"line":22,"column":6},"end":{"line":22,"column":12}},"10":{"start":{"line":24,"column":6},"end":{"line":26,"column":8}},"11":{"start":{"line":27,"column":6},"end":{"line":27,"column":12}},"12":{"start":{"line":29,"column":6},"end":{"line":31,"column":8}},"13":{"start":{"line":33,"column":6},"end":{"line":33,"column":12}},"14":{"start":{"line":35,"column":6},"end":{"line":37,"column":8}},"15":{"start":{"line":40,"column":0},"end":{"line":40,"column":29}}},"fnMap":{"0":{"name":"(anonymous_0)","decl":{"start":{"line":1,"column":21},"end":{"line":1,"column":22}},"loc":{"start":{"line":1,"column":46},"end":{"line":39,"column":1}},"line":1},"1":{"name":"(anonymous_1)","decl":{"start":{"line":4,"column":36},"end":{"line":4,"column":37}},"loc":{"start":{"line":4,"column":46},"end":{"line":6,"column":7}},"line":4}},"branchMap":{"0":{"loc":{"start":{"line":2,"column":2},"end":{"line":38,"column":3}},"type":"switch","locations":[{"start":{"line":3,"column":4},"end":{"line":10,"column":12}},{"start":{"line":11,"column":4},"end":{"line":16,"column":12}},{"start":{"line":17,"column":4},"end":{"line":22,"column":12}},{"start":{"line":23,"column":4},"end":{"line":27,"column":12}},{"start":{"line":28,"column":4},"end":{"line":33,"column":12}},{"start":{"line":34,"column":4},"end":{"line":37,"column":8}}],"line":2}},"s":{"0":2,"1":6,"2":4,"3":12,"4":4,"5":4,"6":0,"7":0,"8":0,"9":0,"10":1,"11":1,"12":1,"13":1,"14":0,"15":2},"f":{"0":6,"1":12},"b":{"0":[4,0,0,1,1,0]},"_coverageSchema":"1a1c01bbd47fc00a2c39e90264f33305004495a9","hash":"f62aa5e841745a77a8bfd274422fa561d86b6a31"}
,"/home/ichlasul/Documents/Hactiv8/Phase2/e-commerce-cms/e-commerce-cms-server/models/index.js": {"path":"/home/ichlasul/Documents/Hactiv8/Phase2/e-commerce-cms/e-commerce-cms-server/models/index.js","statementMap":{"0":{"start":{"line":3,"column":11},"end":{"line":3,"column":24}},"1":{"start":{"line":4,"column":13},"end":{"line":4,"column":28}},"2":{"start":{"line":5,"column":18},"end":{"line":5,"column":38}},"3":{"start":{"line":6,"column":17},"end":{"line":6,"column":42}},"4":{"start":{"line":7,"column":12},"end":{"line":7,"column":49}},"5":{"start":{"line":8,"column":15},"end":{"line":8,"column":65}},"6":{"start":{"line":9,"column":11},"end":{"line":9,"column":13}},"7":{"start":{"line":12,"column":0},"end":{"line":16,"column":1}},"8":{"start":{"line":13,"column":2},"end":{"line":13,"column":74}},"9":{"start":{"line":15,"column":2},"end":{"line":15,"column":87}},"10":{"start":{"line":18,"column":0},"end":{"line":26,"column":5}},"11":{"start":{"line":21,"column":4},"end":{"line":21,"column":90}},"12":{"start":{"line":24,"column":18},"end":{"line":24,"column":85}},"13":{"start":{"line":25,"column":4},"end":{"line":25,"column":27}},"14":{"start":{"line":28,"column":0},"end":{"line":32,"column":3}},"15":{"start":{"line":29,"column":2},"end":{"line":31,"column":3}},"16":{"start":{"line":30,"column":4},"end":{"line":30,"column":32}},"17":{"start":{"line":34,"column":0},"end":{"line":34,"column":25}},"18":{"start":{"line":35,"column":0},"end":{"line":35,"column":25}},"19":{"start":{"line":37,"column":0},"end":{"line":37,"column":20}}},"fnMap":{"0":{"name":"(anonymous_0)","decl":{"start":{"line":20,"column":10},"end":{"line":20,"column":11}},"loc":{"start":{"line":20,"column":18},"end":{"line":22,"column":3}},"line":20},"1":{"name":"(anonymous_1)","decl":{"start":{"line":23,"column":11},"end":{"line":23,"column":12}},"loc":{"start":{"line":23,"column":19},"end":{"line":26,"column":3}},"line":23},"2":{"name":"(anonymous_2)","decl":{"start":{"line":28,"column":24},"end":{"line":28,"column":25}},"loc":{"start":{"line":28,"column":37},"end":{"line":32,"column":1}},"line":28}},"branchMap":{"0":{"loc":{"start":{"line":7,"column":12},"end":{"line":7,"column":49}},"type":"binary-expr","locations":[{"start":{"line":7,"column":12},"end":{"line":7,"column":32}},{"start":{"line":7,"column":36},"end":{"line":7,"column":49}}],"line":7},"1":{"loc":{"start":{"line":12,"column":0},"end":{"line":16,"column":1}},"type":"if","locations":[{"start":{"line":12,"column":0},"end":{"line":16,"column":1}},{"start":{"line":12,"column":0},"end":{"line":16,"column":1}}],"line":12},"2":{"loc":{"start":{"line":21,"column":11},"end":{"line":21,"column":89}},"type":"binary-expr","locations":[{"start":{"line":21,"column":12},"end":{"line":21,"column":35}},{"start":{"line":21,"column":41},"end":{"line":21,"column":58}},{"start":{"line":21,"column":64},"end":{"line":21,"column":88}}],"line":21},"3":{"loc":{"start":{"line":29,"column":2},"end":{"line":31,"column":3}},"type":"if","locations":[{"start":{"line":29,"column":2},"end":{"line":31,"column":3}},{"start":{"line":29,"column":2},"end":{"line":31,"column":3}}],"line":29}},"s":{"0":2,"1":2,"2":2,"3":2,"4":2,"5":2,"6":2,"7":2,"8":0,"9":2,"10":2,"11":6,"12":4,"13":4,"14":2,"15":4,"16":4,"17":2,"18":2,"19":2},"f":{"0":6,"1":4,"2":4},"b":{"0":[2,0],"1":[0,2],"2":[6,6,4],"3":[4,0]},"_coverageSchema":"1a1c01bbd47fc00a2c39e90264f33305004495a9","hash":"b5206ddd1af0794cff1364b8d161ccd0fc1fd95e"}
,"/home/ichlasul/Documents/Hactiv8/Phase2/e-commerce-cms/e-commerce-cms-server/models/product.js": {"path":"/home/ichlasul/Documents/Hactiv8/Phase2/e-commerce-cms/e-commerce-cms-server/models/product.js","statementMap":{"0":{"start":{"line":4,"column":4},"end":{"line":4,"column":24}},"1":{"start":{"line":5,"column":0},"end":{"line":64,"column":2}},"2":{"start":{"line":16,"column":2},"end":{"line":62,"column":5}},"3":{"start":{"line":63,"column":2},"end":{"line":63,"column":17}}},"fnMap":{"0":{"name":"(anonymous_0)","decl":{"start":{"line":5,"column":17},"end":{"line":5,"column":18}},"loc":{"start":{"line":5,"column":43},"end":{"line":64,"column":1}},"line":5},"1":{"name":"(anonymous_1)","decl":{"start":{"line":12,"column":4},"end":{"line":12,"column":5}},"loc":{"start":{"line":12,"column":29},"end":{"line":14,"column":5}},"line":12}},"branchMap":{},"s":{"0":2,"1":2,"2":2,"3":2},"f":{"0":2,"1":2},"b":{},"_coverageSchema":"1a1c01bbd47fc00a2c39e90264f33305004495a9","hash":"ea565b72ca6be053a7992bdc94e85290120f83fb"}
,"/home/ichlasul/Documents/Hactiv8/Phase2/e-commerce-cms/e-commerce-cms-server/models/user.js": {"path":"/home/ichlasul/Documents/Hactiv8/Phase2/e-commerce-cms/e-commerce-cms-server/models/user.js","statementMap":{"0":{"start":{"line":4,"column":4},"end":{"line":4,"column":24}},"1":{"start":{"line":5,"column":0},"end":{"line":30,"column":2}},"2":{"start":{"line":16,"column":2},"end":{"line":28,"column":5}},"3":{"start":{"line":29,"column":2},"end":{"line":29,"column":14}}},"fnMap":{"0":{"name":"(anonymous_0)","decl":{"start":{"line":5,"column":17},"end":{"line":5,"column":18}},"loc":{"start":{"line":5,"column":43},"end":{"line":30,"column":1}},"line":5},"1":{"name":"(anonymous_1)","decl":{"start":{"line":12,"column":4},"end":{"line":12,"column":5}},"loc":{"start":{"line":12,"column":29},"end":{"line":14,"column":5}},"line":12}},"branchMap":{},"s":{"0":2,"1":2,"2":2,"3":2},"f":{"0":2,"1":2},"b":{},"_coverageSchema":"1a1c01bbd47fc00a2c39e90264f33305004495a9","hash":"235fbf19353143216c6f69a48856b358c9b6f640"}
,"/home/ichlasul/Documents/Hactiv8/Phase2/e-commerce-cms/e-commerce-cms-server/routes/index.js": {"path":"/home/ichlasul/Documents/Hactiv8/Phase2/e-commerce-cms/e-commerce-cms-server/routes/index.js","statementMap":{"0":{"start":{"line":1,"column":16},"end":{"line":1,"column":34}},"1":{"start":{"line":2,"column":15},"end":{"line":2,"column":31}},"2":{"start":{"line":4,"column":19},"end":{"line":4,"column":42}},"3":{"start":{"line":5,"column":22},"end":{"line":5,"column":48}},"4":{"start":{"line":7,"column":0},"end":{"line":9,"column":2}},"5":{"start":{"line":8,"column":2},"end":{"line":8,"column":65}},"6":{"start":{"line":10,"column":0},"end":{"line":10,"column":32}},"7":{"start":{"line":11,"column":0},"end":{"line":11,"column":38}},"8":{"start":{"line":14,"column":0},"end":{"line":14,"column":23}}},"fnMap":{"0":{"name":"(anonymous_0)","decl":{"start":{"line":7,"column":16},"end":{"line":7,"column":17}},"loc":{"start":{"line":7,"column":30},"end":{"line":9,"column":1}},"line":7}},"branchMap":{},"s":{"0":2,"1":2,"2":2,"3":2,"4":2,"5":0,"6":2,"7":2,"8":2},"f":{"0":0},"b":{},"_coverageSchema":"1a1c01bbd47fc00a2c39e90264f33305004495a9","hash":"998f8c67766152b4aeef7e58e33edc98a724f2d4"}
,"/home/ichlasul/Documents/Hactiv8/Phase2/e-commerce-cms/e-commerce-cms-server/routes/productRouter.js": {"path":"/home/ichlasul/Documents/Hactiv8/Phase2/e-commerce-cms/e-commerce-cms-server/routes/productRouter.js","statementMap":{"0":{"start":{"line":1,"column":16},"end":{"line":1,"column":34}},"1":{"start":{"line":2,"column":15},"end":{"line":2,"column":31}},"2":{"start":{"line":4,"column":26},"end":{"line":4,"column":69}},"3":{"start":{"line":10,"column":0},"end":{"line":10,"column":47}},"4":{"start":{"line":11,"column":0},"end":{"line":11,"column":49}},"5":{"start":{"line":12,"column":0},"end":{"line":12,"column":54}},"6":{"start":{"line":13,"column":0},"end":{"line":13,"column":56}},"7":{"start":{"line":15,"column":0},"end":{"line":15,"column":23}}},"fnMap":{},"branchMap":{},"s":{"0":2,"1":2,"2":2,"3":2,"4":2,"5":2,"6":2,"7":2},"f":{},"b":{},"_coverageSchema":"1a1c01bbd47fc00a2c39e90264f33305004495a9","hash":"58a4870367635e57f621e836990df0115dd3d1bc"}
,"/home/ichlasul/Documents/Hactiv8/Phase2/e-commerce-cms/e-commerce-cms-server/routes/userRouter.js": {"path":"/home/ichlasul/Documents/Hactiv8/Phase2/e-commerce-cms/e-commerce-cms-server/routes/userRouter.js","statementMap":{"0":{"start":{"line":1,"column":16},"end":{"line":1,"column":34}},"1":{"start":{"line":2,"column":15},"end":{"line":2,"column":31}},"2":{"start":{"line":4,"column":23},"end":{"line":4,"column":63}},"3":{"start":{"line":6,"column":0},"end":{"line":6,"column":52}},"4":{"start":{"line":8,"column":0},"end":{"line":8,"column":23}}},"fnMap":{},"branchMap":{},"s":{"0":2,"1":2,"2":2,"3":2,"4":2},"f":{},"b":{},"_coverageSchema":"1a1c01bbd47fc00a2c39e90264f33305004495a9","hash":"e82278d98e5b7e53837074bd1bf9125b5903b8d7"}
,"/home/ichlasul/Documents/Hactiv8/Phase2/e-commerce-cms/e-commerce-cms-server/tests/helpers/product-helpers.js": {"path":"/home/ichlasul/Documents/Hactiv8/Phase2/e-commerce-cms/e-commerce-cms-server/tests/helpers/product-helpers.js","statementMap":{"0":{"start":{"line":1,"column":20},"end":{"line":1,"column":49}},"1":{"start":{"line":5,"column":4},"end":{"line":7,"column":5}},"2":{"start":{"line":6,"column":8},"end":{"line":6,"column":46}},"3":{"start":{"line":10,"column":0},"end":{"line":12,"column":1}}},"fnMap":{"0":{"name":"clearProductsDatabase","decl":{"start":{"line":4,"column":15},"end":{"line":4,"column":36}},"loc":{"start":{"line":4,"column":39},"end":{"line":8,"column":1}},"line":4}},"branchMap":{"0":{"loc":{"start":{"line":5,"column":4},"end":{"line":7,"column":5}},"type":"if","locations":[{"start":{"line":5,"column":4},"end":{"line":7,"column":5}},{"start":{"line":5,"column":4},"end":{"line":7,"column":5}}],"line":5}},"s":{"0":1,"1":1,"2":1,"3":1},"f":{"0":1},"b":{"0":[1,0]},"_coverageSchema":"1a1c01bbd47fc00a2c39e90264f33305004495a9","hash":"dc2ce2eba9570595229da074d09a7d079ea8c70c"}
}
