{"/home/ichlasul/Documents/Hactiv8/Phase2/e-commerce-cms/e-commerce-cms-server/app.js": {"path":"/home/ichlasul/Documents/Hactiv8/Phase2/e-commerce-cms/e-commerce-cms-server/app.js","statementMap":{"0":{"start":{"line":1,"column":16},"end":{"line":1,"column":34}},"1":{"start":{"line":2,"column":12},"end":{"line":2,"column":21}},"2":{"start":{"line":5,"column":28},"end":{"line":5,"column":55}},"3":{"start":{"line":6,"column":22},"end":{"line":6,"column":46}},"4":{"start":{"line":8,"column":26},"end":{"line":8,"column":51}},"5":{"start":{"line":10,"column":0},"end":{"line":10,"column":47}},"6":{"start":{"line":11,"column":0},"end":{"line":11,"column":23}},"7":{"start":{"line":13,"column":0},"end":{"line":20,"column":2}},"8":{"start":{"line":14,"column":4},"end":{"line":19,"column":5}},"9":{"start":{"line":15,"column":24},"end":{"line":15,"column":47}},"10":{"start":{"line":16,"column":8},"end":{"line":16,"column":25}},"11":{"start":{"line":18,"column":8},"end":{"line":18,"column":17}},"12":{"start":{"line":22,"column":0},"end":{"line":32,"column":2}},"13":{"start":{"line":23,"column":46},"end":{"line":23,"column":54}},"14":{"start":{"line":25,"column":4},"end":{"line":31,"column":5}},"15":{"start":{"line":26,"column":27},"end":{"line":26,"column":82}},"16":{"start":{"line":28,"column":8},"end":{"line":28,"column":40}},"17":{"start":{"line":30,"column":8},"end":{"line":30,"column":17}},"18":{"start":{"line":33,"column":0},"end":{"line":52,"column":2}},"19":{"start":{"line":34,"column":4},"end":{"line":51,"column":5}},"20":{"start":{"line":35,"column":24},"end":{"line":35,"column":61}},"21":{"start":{"line":36,"column":8},"end":{"line":47,"column":9}},"22":{"start":{"line":37,"column":12},"end":{"line":37,"column":38}},"23":{"start":{"line":39,"column":12},"end":{"line":43,"column":14}},"24":{"start":{"line":44,"column":12},"end":{"line":46,"column":14}},"25":{"start":{"line":50,"column":8},"end":{"line":50,"column":17}},"26":{"start":{"line":53,"column":0},"end":{"line":72,"column":2}},"27":{"start":{"line":54,"column":4},"end":{"line":71,"column":5}},"28":{"start":{"line":55,"column":24},"end":{"line":55,"column":61}},"29":{"start":{"line":56,"column":8},"end":{"line":67,"column":9}},"30":{"start":{"line":57,"column":12},"end":{"line":57,"column":39}},"31":{"start":{"line":59,"column":34},"end":{"line":63,"column":14}},"32":{"start":{"line":64,"column":12},"end":{"line":66,"column":14}},"33":{"start":{"line":70,"column":8},"end":{"line":70,"column":17}},"34":{"start":{"line":74,"column":0},"end":{"line":100,"column":2}},"35":{"start":{"line":76,"column":26},"end":{"line":76,"column":43}},"36":{"start":{"line":77,"column":4},"end":{"line":99,"column":5}},"37":{"start":{"line":78,"column":21},"end":{"line":82,"column":10}},"38":{"start":{"line":83,"column":33},"end":{"line":83,"column":58}},"39":{"start":{"line":84,"column":8},"end":{"line":96,"column":9}},"40":{"start":{"line":85,"column":12},"end":{"line":85,"column":56}},"41":{"start":{"line":86,"column":15},"end":{"line":96,"column":9}},"42":{"start":{"line":87,"column":12},"end":{"line":87,"column":56}},"43":{"start":{"line":89,"column":28},"end":{"line":91,"column":13}},"44":{"start":{"line":92,"column":26},"end":{"line":92,"column":44}},"45":{"start":{"line":93,"column":12},"end":{"line":95,"column":14}},"46":{"start":{"line":98,"column":8},"end":{"line":98,"column":17}},"47":{"start":{"line":102,"column":0},"end":{"line":126,"column":2}},"48":{"start":{"line":105,"column":4},"end":{"line":124,"column":5}},"49":{"start":{"line":106,"column":23},"end":{"line":108,"column":11}},"50":{"start":{"line":106,"column":48},"end":{"line":108,"column":9}},"51":{"start":{"line":109,"column":8},"end":{"line":111,"column":10}},"52":{"start":{"line":112,"column":11},"end":{"line":124,"column":5}},"53":{"start":{"line":113,"column":8},"end":{"line":115,"column":10}},"54":{"start":{"line":116,"column":11},"end":{"line":124,"column":5}},"55":{"start":{"line":117,"column":8},"end":{"line":119,"column":10}},"56":{"start":{"line":121,"column":8},"end":{"line":123,"column":10}},"57":{"start":{"line":128,"column":0},"end":{"line":128,"column":20}}},"fnMap":{"0":{"name":"(anonymous_0)","decl":{"start":{"line":13,"column":21},"end":{"line":13,"column":22}},"loc":{"start":{"line":13,"column":52},"end":{"line":20,"column":1}},"line":13},"1":{"name":"(anonymous_1)","decl":{"start":{"line":22,"column":22},"end":{"line":22,"column":23}},"loc":{"start":{"line":22,"column":54},"end":{"line":32,"column":1}},"line":22},"2":{"name":"(anonymous_2)","decl":{"start":{"line":33,"column":28},"end":{"line":33,"column":29}},"loc":{"start":{"line":33,"column":60},"end":{"line":52,"column":1}},"line":33},"3":{"name":"(anonymous_3)","decl":{"start":{"line":53,"column":27},"end":{"line":53,"column":28}},"loc":{"start":{"line":53,"column":59},"end":{"line":72,"column":1}},"line":53},"4":{"name":"(anonymous_4)","decl":{"start":{"line":74,"column":25},"end":{"line":74,"column":26}},"loc":{"start":{"line":74,"column":57},"end":{"line":100,"column":1}},"line":74},"5":{"name":"(anonymous_5)","decl":{"start":{"line":102,"column":8},"end":{"line":102,"column":9}},"loc":{"start":{"line":102,"column":39},"end":{"line":126,"column":1}},"line":102},"6":{"name":"(anonymous_6)","decl":{"start":{"line":106,"column":38},"end":{"line":106,"column":39}},"loc":{"start":{"line":106,"column":48},"end":{"line":108,"column":9}},"line":106}},"branchMap":{"0":{"loc":{"start":{"line":36,"column":8},"end":{"line":47,"column":9}},"type":"if","locations":[{"start":{"line":36,"column":8},"end":{"line":47,"column":9}},{"start":{"line":36,"column":8},"end":{"line":47,"column":9}}],"line":36},"1":{"loc":{"start":{"line":56,"column":8},"end":{"line":67,"column":9}},"type":"if","locations":[{"start":{"line":56,"column":8},"end":{"line":67,"column":9}},{"start":{"line":56,"column":8},"end":{"line":67,"column":9}}],"line":56},"2":{"loc":{"start":{"line":83,"column":33},"end":{"line":83,"column":58}},"type":"cond-expr","locations":[{"start":{"line":83,"column":40},"end":{"line":83,"column":53}},{"start":{"line":83,"column":56},"end":{"line":83,"column":58}}],"line":83},"3":{"loc":{"start":{"line":84,"column":8},"end":{"line":96,"column":9}},"type":"if","locations":[{"start":{"line":84,"column":8},"end":{"line":96,"column":9}},{"start":{"line":84,"column":8},"end":{"line":96,"column":9}}],"line":84},"4":{"loc":{"start":{"line":86,"column":15},"end":{"line":96,"column":9}},"type":"if","locations":[{"start":{"line":86,"column":15},"end":{"line":96,"column":9}},{"start":{"line":86,"column":15},"end":{"line":96,"column":9}}],"line":86},"5":{"loc":{"start":{"line":105,"column":4},"end":{"line":124,"column":5}},"type":"if","locations":[{"start":{"line":105,"column":4},"end":{"line":124,"column":5}},{"start":{"line":105,"column":4},"end":{"line":124,"column":5}}],"line":105},"6":{"loc":{"start":{"line":112,"column":11},"end":{"line":124,"column":5}},"type":"if","locations":[{"start":{"line":112,"column":11},"end":{"line":124,"column":5}},{"start":{"line":112,"column":11},"end":{"line":124,"column":5}}],"line":112},"7":{"loc":{"start":{"line":116,"column":11},"end":{"line":124,"column":5}},"type":"if","locations":[{"start":{"line":116,"column":11},"end":{"line":124,"column":5}},{"start":{"line":116,"column":11},"end":{"line":124,"column":5}}],"line":116}},"s":{"0":1,"1":1,"2":1,"3":1,"4":1,"5":1,"6":1,"7":1,"8":0,"9":0,"10":0,"11":0,"12":1,"13":0,"14":0,"15":0,"16":0,"17":0,"18":1,"19":0,"20":0,"21":0,"22":0,"23":0,"24":0,"25":0,"26":1,"27":0,"28":0,"29":0,"30":0,"31":0,"32":0,"33":0,"34":1,"35":0,"36":0,"37":0,"38":0,"39":0,"40":0,"41":0,"42":0,"43":0,"44":0,"45":0,"46":0,"47":1,"48":0,"49":0,"50":0,"51":0,"52":0,"53":0,"54":0,"55":0,"56":0,"57":1},"f":{"0":0,"1":0,"2":0,"3":0,"4":0,"5":0,"6":0},"b":{"0":[0,0],"1":[0,0],"2":[0,0],"3":[0,0],"4":[0,0],"5":[0,0],"6":[0,0],"7":[0,0]},"_coverageSchema":"1a1c01bbd47fc00a2c39e90264f33305004495a9","hash":"147cd9bbb1d3b3f1318e0832b626dc9cc5ad926f"}
,"/home/ichlasul/Documents/Hactiv8/Phase2/e-commerce-cms/e-commerce-cms-server/helpers/bcrypt.js": {"path":"/home/ichlasul/Documents/Hactiv8/Phase2/e-commerce-cms/e-commerce-cms-server/helpers/bcrypt.js","statementMap":{"0":{"start":{"line":1,"column":15},"end":{"line":1,"column":34}},"1":{"start":{"line":4,"column":17},"end":{"line":4,"column":38}},"2":{"start":{"line":5,"column":17},"end":{"line":5,"column":48}},"3":{"start":{"line":6,"column":4},"end":{"line":6,"column":15}},"4":{"start":{"line":12,"column":4},"end":{"line":12,"column":64}},"5":{"start":{"line":18,"column":0},"end":{"line":21,"column":1}}},"fnMap":{"0":{"name":"hashPassword","decl":{"start":{"line":3,"column":9},"end":{"line":3,"column":21}},"loc":{"start":{"line":3,"column":32},"end":{"line":7,"column":1}},"line":3},"1":{"name":"comparePassword","decl":{"start":{"line":11,"column":9},"end":{"line":11,"column":24}},"loc":{"start":{"line":11,"column":60},"end":{"line":13,"column":1}},"line":11}},"branchMap":{},"s":{"0":1,"1":0,"2":0,"3":0,"4":0,"5":1},"f":{"0":0,"1":0},"b":{},"_coverageSchema":"1a1c01bbd47fc00a2c39e90264f33305004495a9","hash":"eeefd72f1f5a9c0c60ab0b12df1d3dff9382bf4e"}
,"/home/ichlasul/Documents/Hactiv8/Phase2/e-commerce-cms/e-commerce-cms-server/helpers/jwt.js": {"path":"/home/ichlasul/Documents/Hactiv8/Phase2/e-commerce-cms/e-commerce-cms-server/helpers/jwt.js","statementMap":{"0":{"start":{"line":1,"column":12},"end":{"line":1,"column":35}},"1":{"start":{"line":4,"column":18},"end":{"line":4,"column":49}},"2":{"start":{"line":5,"column":4},"end":{"line":5,"column":16}},"3":{"start":{"line":9,"column":20},"end":{"line":9,"column":51}},"4":{"start":{"line":10,"column":4},"end":{"line":10,"column":18}},"5":{"start":{"line":13,"column":0},"end":{"line":16,"column":1}}},"fnMap":{"0":{"name":"signToken","decl":{"start":{"line":3,"column":9},"end":{"line":3,"column":18}},"loc":{"start":{"line":3,"column":28},"end":{"line":6,"column":1}},"line":3},"1":{"name":"verifyToken","decl":{"start":{"line":8,"column":9},"end":{"line":8,"column":20}},"loc":{"start":{"line":8,"column":28},"end":{"line":11,"column":1}},"line":8}},"branchMap":{},"s":{"0":1,"1":0,"2":0,"3":0,"4":0,"5":1},"f":{"0":0,"1":0},"b":{},"_coverageSchema":"1a1c01bbd47fc00a2c39e90264f33305004495a9","hash":"edbbc658e02bbf44f3b3cf5a22462cf3d6ccd3f8"}
,"/home/ichlasul/Documents/Hactiv8/Phase2/e-commerce-cms/e-commerce-cms-server/models/index.js": {"path":"/home/ichlasul/Documents/Hactiv8/Phase2/e-commerce-cms/e-commerce-cms-server/models/index.js","statementMap":{"0":{"start":{"line":3,"column":11},"end":{"line":3,"column":24}},"1":{"start":{"line":4,"column":13},"end":{"line":4,"column":28}},"2":{"start":{"line":5,"column":18},"end":{"line":5,"column":38}},"3":{"start":{"line":6,"column":17},"end":{"line":6,"column":42}},"4":{"start":{"line":7,"column":12},"end":{"line":7,"column":49}},"5":{"start":{"line":8,"column":15},"end":{"line":8,"column":65}},"6":{"start":{"line":9,"column":11},"end":{"line":9,"column":13}},"7":{"start":{"line":12,"column":0},"end":{"line":16,"column":1}},"8":{"start":{"line":13,"column":2},"end":{"line":13,"column":74}},"9":{"start":{"line":15,"column":2},"end":{"line":15,"column":87}},"10":{"start":{"line":18,"column":0},"end":{"line":26,"column":5}},"11":{"start":{"line":21,"column":4},"end":{"line":21,"column":90}},"12":{"start":{"line":24,"column":18},"end":{"line":24,"column":85}},"13":{"start":{"line":25,"column":4},"end":{"line":25,"column":27}},"14":{"start":{"line":28,"column":0},"end":{"line":32,"column":3}},"15":{"start":{"line":29,"column":2},"end":{"line":31,"column":3}},"16":{"start":{"line":30,"column":4},"end":{"line":30,"column":32}},"17":{"start":{"line":34,"column":0},"end":{"line":34,"column":25}},"18":{"start":{"line":35,"column":0},"end":{"line":35,"column":25}},"19":{"start":{"line":37,"column":0},"end":{"line":37,"column":20}}},"fnMap":{"0":{"name":"(anonymous_0)","decl":{"start":{"line":20,"column":10},"end":{"line":20,"column":11}},"loc":{"start":{"line":20,"column":18},"end":{"line":22,"column":3}},"line":20},"1":{"name":"(anonymous_1)","decl":{"start":{"line":23,"column":11},"end":{"line":23,"column":12}},"loc":{"start":{"line":23,"column":19},"end":{"line":26,"column":3}},"line":23},"2":{"name":"(anonymous_2)","decl":{"start":{"line":28,"column":24},"end":{"line":28,"column":25}},"loc":{"start":{"line":28,"column":37},"end":{"line":32,"column":1}},"line":28}},"branchMap":{"0":{"loc":{"start":{"line":7,"column":12},"end":{"line":7,"column":49}},"type":"binary-expr","locations":[{"start":{"line":7,"column":12},"end":{"line":7,"column":32}},{"start":{"line":7,"column":36},"end":{"line":7,"column":49}}],"line":7},"1":{"loc":{"start":{"line":12,"column":0},"end":{"line":16,"column":1}},"type":"if","locations":[{"start":{"line":12,"column":0},"end":{"line":16,"column":1}},{"start":{"line":12,"column":0},"end":{"line":16,"column":1}}],"line":12},"2":{"loc":{"start":{"line":21,"column":11},"end":{"line":21,"column":89}},"type":"binary-expr","locations":[{"start":{"line":21,"column":12},"end":{"line":21,"column":35}},{"start":{"line":21,"column":41},"end":{"line":21,"column":58}},{"start":{"line":21,"column":64},"end":{"line":21,"column":88}}],"line":21},"3":{"loc":{"start":{"line":29,"column":2},"end":{"line":31,"column":3}},"type":"if","locations":[{"start":{"line":29,"column":2},"end":{"line":31,"column":3}},{"start":{"line":29,"column":2},"end":{"line":31,"column":3}}],"line":29}},"s":{"0":1,"1":1,"2":1,"3":1,"4":1,"5":1,"6":1,"7":1,"8":0,"9":1,"10":1,"11":3,"12":2,"13":2,"14":1,"15":2,"16":2,"17":1,"18":1,"19":1},"f":{"0":3,"1":2,"2":2},"b":{"0":[1,0],"1":[0,1],"2":[3,3,2],"3":[2,0]},"_coverageSchema":"1a1c01bbd47fc00a2c39e90264f33305004495a9","hash":"b5206ddd1af0794cff1364b8d161ccd0fc1fd95e"}
,"/home/ichlasul/Documents/Hactiv8/Phase2/e-commerce-cms/e-commerce-cms-server/models/product.js": {"path":"/home/ichlasul/Documents/Hactiv8/Phase2/e-commerce-cms/e-commerce-cms-server/models/product.js","statementMap":{"0":{"start":{"line":4,"column":4},"end":{"line":4,"column":24}},"1":{"start":{"line":5,"column":0},"end":{"line":64,"column":2}},"2":{"start":{"line":16,"column":2},"end":{"line":62,"column":5}},"3":{"start":{"line":63,"column":2},"end":{"line":63,"column":17}}},"fnMap":{"0":{"name":"(anonymous_0)","decl":{"start":{"line":5,"column":17},"end":{"line":5,"column":18}},"loc":{"start":{"line":5,"column":43},"end":{"line":64,"column":1}},"line":5},"1":{"name":"(anonymous_1)","decl":{"start":{"line":12,"column":4},"end":{"line":12,"column":5}},"loc":{"start":{"line":12,"column":29},"end":{"line":14,"column":5}},"line":12}},"branchMap":{},"s":{"0":1,"1":1,"2":1,"3":1},"f":{"0":1,"1":1},"b":{},"_coverageSchema":"1a1c01bbd47fc00a2c39e90264f33305004495a9","hash":"ea565b72ca6be053a7992bdc94e85290120f83fb"}
,"/home/ichlasul/Documents/Hactiv8/Phase2/e-commerce-cms/e-commerce-cms-server/models/user.js": {"path":"/home/ichlasul/Documents/Hactiv8/Phase2/e-commerce-cms/e-commerce-cms-server/models/user.js","statementMap":{"0":{"start":{"line":4,"column":4},"end":{"line":4,"column":24}},"1":{"start":{"line":5,"column":0},"end":{"line":30,"column":2}},"2":{"start":{"line":16,"column":2},"end":{"line":28,"column":5}},"3":{"start":{"line":29,"column":2},"end":{"line":29,"column":14}}},"fnMap":{"0":{"name":"(anonymous_0)","decl":{"start":{"line":5,"column":17},"end":{"line":5,"column":18}},"loc":{"start":{"line":5,"column":43},"end":{"line":30,"column":1}},"line":5},"1":{"name":"(anonymous_1)","decl":{"start":{"line":12,"column":4},"end":{"line":12,"column":5}},"loc":{"start":{"line":12,"column":29},"end":{"line":14,"column":5}},"line":12}},"branchMap":{},"s":{"0":1,"1":1,"2":1,"3":1},"f":{"0":1,"1":1},"b":{},"_coverageSchema":"1a1c01bbd47fc00a2c39e90264f33305004495a9","hash":"235fbf19353143216c6f69a48856b358c9b6f640"}
,"/home/ichlasul/Documents/Hactiv8/Phase2/e-commerce-cms/e-commerce-cms-server/tests/helpers/product-helpers.js": {"path":"/home/ichlasul/Documents/Hactiv8/Phase2/e-commerce-cms/e-commerce-cms-server/tests/helpers/product-helpers.js","statementMap":{"0":{"start":{"line":1,"column":20},"end":{"line":1,"column":49}},"1":{"start":{"line":4,"column":4},"end":{"line":12,"column":5}},"2":{"start":{"line":5,"column":24},"end":{"line":10,"column":10}},"3":{"start":{"line":16,"column":4},"end":{"line":18,"column":5}},"4":{"start":{"line":17,"column":8},"end":{"line":17,"column":46}},"5":{"start":{"line":21,"column":0},"end":{"line":24,"column":1}}},"fnMap":{"0":{"name":"initializeProduct","decl":{"start":{"line":3,"column":15},"end":{"line":3,"column":32}},"loc":{"start":{"line":3,"column":35},"end":{"line":13,"column":1}},"line":3},"1":{"name":"clearProductsDatabase","decl":{"start":{"line":15,"column":15},"end":{"line":15,"column":36}},"loc":{"start":{"line":15,"column":39},"end":{"line":19,"column":1}},"line":15}},"branchMap":{"0":{"loc":{"start":{"line":4,"column":4},"end":{"line":12,"column":5}},"type":"if","locations":[{"start":{"line":4,"column":4},"end":{"line":12,"column":5}},{"start":{"line":4,"column":4},"end":{"line":12,"column":5}}],"line":4},"1":{"loc":{"start":{"line":16,"column":4},"end":{"line":18,"column":5}},"type":"if","locations":[{"start":{"line":16,"column":4},"end":{"line":18,"column":5}},{"start":{"line":16,"column":4},"end":{"line":18,"column":5}}],"line":16}},"s":{"0":1,"1":0,"2":0,"3":0,"4":0,"5":1},"f":{"0":0,"1":0},"b":{"0":[0,0],"1":[0,0]},"_coverageSchema":"1a1c01bbd47fc00a2c39e90264f33305004495a9","hash":"f10f1d65642c156cf1b60503176b45c74a911aca"}
}
