TN:
SF:app.js
FNF:0
FNH:0
DA:1,2
DA:2,2
DA:3,2
DA:4,2
DA:5,2
DA:6,2
DA:7,2
DA:8,2
DA:9,2
DA:10,2
DA:11,2
LF:11
LH:11
BRF:0
BRH:0
end_of_record
TN:
SF:controllers/controllerProduct.js
FN:5,(anonymous_0)
FN:14,(anonymous_1)
FN:26,(anonymous_2)
FN:47,(anonymous_3)
FNF:4
FNH:4
FNDA:1,(anonymous_0)
FNDA:3,(anonymous_1)
FNDA:2,(anonymous_2)
FNDA:3,(anonymous_3)
DA:1,2
DA:6,1
DA:7,1
DA:8,1
DA:10,0
DA:15,3
DA:17,3
DA:18,3
DA:20,1
DA:22,2
DA:27,2
DA:28,2
DA:29,2
DA:30,1
DA:32,1
DA:37,1
DA:43,1
DA:48,3
DA:49,3
DA:50,3
DA:51,0
DA:53,3
DA:58,1
DA:63,2
DA:69,2
LF:25
LH:23
BRDA:29,0,0,1
BRDA:29,0,1,1
BRDA:50,1,0,0
BRDA:50,1,1,3
BRF:4
BRH:3
end_of_record
TN:
SF:controllers/controllerUser.js
FN:6,(anonymous_0)
FNF:1
FNH:1
FNDA:2,(anonymous_0)
DA:1,2
DA:2,2
DA:3,2
DA:7,2
DA:8,2
DA:9,2
DA:14,2
DA:15,2
DA:16,0
DA:17,2
DA:18,1
DA:20,1
DA:23,1
DA:24,1
DA:29,1
DA:34,2
LF:16
LH:15
BRDA:14,0,0,2
BRDA:14,0,1,0
BRDA:15,1,0,0
BRDA:15,1,1,2
BRDA:17,2,0,1
BRDA:17,2,1,1
BRF:6
BRH:4
end_of_record
TN:
SF:helpers/bcrypt.js
FN:3,hashPassword
FN:11,comparePassword
FNF:2
FNH:1
FNDA:0,hashPassword
FNDA:2,comparePassword
DA:1,2
DA:4,0
DA:5,0
DA:6,0
DA:12,2
DA:18,2
LF:6
LH:3
BRF:0
BRH:0
end_of_record
TN:
SF:helpers/jwt.js
FN:3,signToken
FN:8,verifyToken
FNF:2
FNH:1
FNDA:1,signToken
FNDA:0,verifyToken
DA:1,2
DA:4,1
DA:5,1
DA:9,0
DA:10,0
DA:13,2
LF:6
LH:4
BRF:0
BRH:0
end_of_record
TN:
SF:midlewares/errorHandler.js
FN:1,(anonymous_0)
FN:4,(anonymous_1)
FNF:2
FNH:2
FNDA:6,(anonymous_0)
FNDA:12,(anonymous_1)
DA:1,2
DA:2,6
DA:4,12
DA:7,4
DA:10,4
DA:12,0
DA:16,0
DA:18,0
DA:22,0
DA:24,1
DA:27,1
DA:29,1
DA:33,1
DA:35,0
DA:40,2
LF:15
LH:10
BRDA:2,0,0,4
BRDA:2,0,1,0
BRDA:2,0,2,0
BRDA:2,0,3,1
BRDA:2,0,4,1
BRDA:2,0,5,0
BRF:6
BRH:3
end_of_record
TN:
SF:models/index.js
FN:20,(anonymous_0)
FN:23,(anonymous_1)
FN:28,(anonymous_2)
FNF:3
FNH:3
FNDA:6,(anonymous_0)
FNDA:4,(anonymous_1)
FNDA:4,(anonymous_2)
DA:3,2
DA:4,2
DA:5,2
DA:6,2
DA:7,2
DA:8,2
DA:9,2
DA:12,2
DA:13,0
DA:15,2
DA:18,2
DA:21,6
DA:24,4
DA:25,4
DA:28,2
DA:29,4
DA:30,4
DA:34,2
DA:35,2
DA:37,2
LF:20
LH:19
BRDA:7,0,0,2
BRDA:7,0,1,0
BRDA:12,1,0,0
BRDA:12,1,1,2
BRDA:21,2,0,6
BRDA:21,2,1,6
BRDA:21,2,2,4
BRDA:29,3,0,4
BRDA:29,3,1,0
BRF:9
BRH:6
end_of_record
TN:
SF:models/product.js
FN:5,(anonymous_0)
FN:12,(anonymous_1)
FNF:2
FNH:2
FNDA:2,(anonymous_0)
FNDA:2,(anonymous_1)
DA:4,2
DA:5,2
DA:16,2
DA:63,2
LF:4
LH:4
BRF:0
BRH:0
end_of_record
TN:
SF:models/user.js
FN:5,(anonymous_0)
FN:12,(anonymous_1)
FNF:2
FNH:2
FNDA:2,(anonymous_0)
FNDA:2,(anonymous_1)
DA:4,2
DA:5,2
DA:16,2
DA:29,2
LF:4
LH:4
BRF:0
BRH:0
end_of_record
TN:
SF:routes/index.js
FN:7,(anonymous_0)
FNF:1
FNH:0
FNDA:0,(anonymous_0)
DA:1,2
DA:2,2
DA:4,2
DA:5,2
DA:7,2
DA:8,0
DA:10,2
DA:11,2
DA:14,2
LF:9
LH:8
BRF:0
BRH:0
end_of_record
TN:
SF:routes/productRouter.js
FNF:0
FNH:0
DA:1,2
DA:2,2
DA:4,2
DA:10,2
DA:11,2
DA:12,2
DA:13,2
DA:15,2
LF:8
LH:8
BRF:0
BRH:0
end_of_record
TN:
SF:routes/userRouter.js
FNF:0
FNH:0
DA:1,2
DA:2,2
DA:4,2
DA:6,2
DA:8,2
LF:5
LH:5
BRF:0
BRH:0
end_of_record
TN:
SF:tests/helpers/product-helpers.js
FN:4,clearProductsDatabase
FNF:1
FNH:1
FNDA:1,clearProductsDatabase
DA:1,1
DA:5,1
DA:6,1
DA:10,1
LF:4
LH:4
BRDA:5,0,0,1
BRDA:5,0,1,0
BRF:2
BRH:1
end_of_record
