TN:
SF:app.js
FN:13,(anonymous_0)
FN:22,(anonymous_1)
FN:33,(anonymous_2)
FN:53,(anonymous_3)
FN:74,(anonymous_4)
FN:102,(anonymous_5)
FN:106,(anonymous_6)
FNF:7
FNH:7
FNDA:1,(anonymous_0)
FNDA:7,(anonymous_1)
FNDA:2,(anonymous_2)
FNDA:3,(anonymous_3)
FNDA:2,(anonymous_4)
FNDA:6,(anonymous_5)
FNDA:12,(anonymous_6)
DA:1,2
DA:2,2
DA:5,2
DA:6,2
DA:8,2
DA:10,2
DA:11,2
DA:13,2
DA:14,1
DA:15,1
DA:16,1
DA:18,0
DA:22,2
DA:23,7
DA:25,7
DA:26,7
DA:28,5
DA:30,2
DA:33,2
DA:34,2
DA:35,2
DA:36,2
DA:37,1
DA:39,1
DA:44,1
DA:50,1
DA:53,2
DA:54,3
DA:55,3
DA:56,3
DA:57,0
DA:59,3
DA:64,1
DA:70,2
DA:74,2
DA:76,2
DA:77,2
DA:78,2
DA:83,2
DA:84,2
DA:85,0
DA:86,2
DA:87,1
DA:89,1
DA:92,1
DA:93,1
DA:98,1
DA:102,2
DA:105,6
DA:106,12
DA:109,4
DA:112,2
DA:113,1
DA:116,1
DA:117,1
DA:121,0
DA:128,2
LF:57
LH:53
BRDA:36,0,0,1
BRDA:36,0,1,1
BRDA:56,1,0,0
BRDA:56,1,1,3
BRDA:83,2,0,2
BRDA:83,2,1,0
BRDA:84,3,0,0
BRDA:84,3,1,2
BRDA:86,4,0,1
BRDA:86,4,1,1
BRDA:105,5,0,4
BRDA:105,5,1,2
BRDA:112,6,0,1
BRDA:112,6,1,1
BRDA:116,7,0,1
BRDA:116,7,1,0
BRF:16
BRH:12
end_of_record
TN:
SF:helpers/bcrypt.js
FN:3,hashPassword
FN:11,comparePassword
FNF:2
FNH:1
FNDA:0,hashPassword
FNDA:2,comparePassword
DA:1,2
DA:4,0
DA:5,0
DA:6,0
DA:12,2
DA:18,2
LF:6
LH:3
BRF:0
BRH:0
end_of_record
TN:
SF:helpers/jwt.js
FN:3,signToken
FN:8,verifyToken
FNF:2
FNH:1
FNDA:1,signToken
FNDA:0,verifyToken
DA:1,2
DA:4,1
DA:5,1
DA:9,0
DA:10,0
DA:13,2
LF:6
LH:4
BRF:0
BRH:0
end_of_record
TN:
SF:models/index.js
FN:20,(anonymous_0)
FN:23,(anonymous_1)
FN:28,(anonymous_2)
FNF:3
FNH:3
FNDA:6,(anonymous_0)
FNDA:4,(anonymous_1)
FNDA:4,(anonymous_2)
DA:3,2
DA:4,2
DA:5,2
DA:6,2
DA:7,2
DA:8,2
DA:9,2
DA:12,2
DA:13,0
DA:15,2
DA:18,2
DA:21,6
DA:24,4
DA:25,4
DA:28,2
DA:29,4
DA:30,4
DA:34,2
DA:35,2
DA:37,2
LF:20
LH:19
BRDA:7,0,0,2
BRDA:7,0,1,0
BRDA:12,1,0,0
BRDA:12,1,1,2
BRDA:21,2,0,6
BRDA:21,2,1,6
BRDA:21,2,2,4
BRDA:29,3,0,4
BRDA:29,3,1,0
BRF:9
BRH:6
end_of_record
TN:
SF:models/product.js
FN:5,(anonymous_0)
FN:12,(anonymous_1)
FNF:2
FNH:2
FNDA:2,(anonymous_0)
FNDA:2,(anonymous_1)
DA:4,2
DA:5,2
DA:16,2
DA:63,2
LF:4
LH:4
BRF:0
BRH:0
end_of_record
TN:
SF:models/user.js
FN:5,(anonymous_0)
FN:12,(anonymous_1)
FNF:2
FNH:2
FNDA:2,(anonymous_0)
FNDA:2,(anonymous_1)
DA:4,2
DA:5,2
DA:16,2
DA:29,2
LF:4
LH:4
BRF:0
BRH:0
end_of_record
